INFO:     Started server process [93857]
INFO:     Waiting for application startup.
ERROR:    Traceback (most recent call last):
  File "/home/jules/.pyenv/versions/3.12.13/lib/python3.12/site-packages/starlette/routing.py", line 638, in lifespan
    async with self.lifespan_context(app) as maybe_state:
               ^^^^^^^^^^^^^^^^^^^^^^^^^^
  File "/home/jules/.pyenv/versions/3.12.13/lib/python3.12/contextlib.py", line 210, in __aenter__
    return await anext(self.gen)
           ^^^^^^^^^^^^^^^^^^^^^
  File "/app/backend/app/main.py", line 258, in lifespan
    MigrationRunner(settings.database_url, migrations_dir).run()
  File "/app/backend/app/migrations.py", line 16, in run
    with psycopg.connect(self._database_url) as conn:
         ^^^^^^^^^^^^^^^^^^^^^^^^^^^^^^^^^^^
  File "/home/jules/.pyenv/versions/3.12.13/lib/python3.12/site-packages/psycopg/connection.py", line 96, in connect
    attempts = conninfo_attempts(params)
               ^^^^^^^^^^^^^^^^^^^^^^^^^
  File "/home/jules/.pyenv/versions/3.12.13/lib/python3.12/site-packages/psycopg/_conninfo_attempts.py", line 53, in conninfo_attempts
    raise e.OperationalError(str(last_exc))
psycopg.OperationalError: [Errno -2] Name or service not known

ERROR:    Application startup failed. Exiting.
